# JRE version: OpenJDK Runtime Environment Temurin-21.0.6+7 (21.0.6+7) (build 21.0.6+7-LTS)
# Java VM: OpenJDK 64-Bit Server VM Temurin-21.0.6+7 (21.0.6+7-LTS, mixed mode, sharing, tiered, compressed oops, compressed class ptrs, parallel gc, windows-amd64)
GC Precious Log:
 CardTable entry size: 512
 CPUs: 4 total, 4 available
 Memory: 4004M
 Large Page Support: Disabled
 NUMA Support: Disabled
 Compressed Oops: Enabled (32-bit)
 Alignments: Space 512K, Generation 512K, Heap 2M
 Heap Min Capacity: 100M
 Heap Initial Capacity: 100M
 Heap Max Capacity: 1G
 Pre-touch: Disabled
 Parallel Workers: 4
Heap:
 PSYoungGen      total 5632K, used 4477K [0x00000000eab00000, 0x00000000eb300000, 0x0000000100000000)
  eden space 4096K, 72% used [0x00000000eab00000,0x00000000eade3788,0x00000000eaf00000)
  from space 1536K, 98% used [0x00000000eaf00000,0x00000000eb07bce8,0x00000000eb080000)
  to   space 2048K, 0% used [0x00000000eb100000,0x00000000eb100000,0x00000000eb300000)
 ParOldGen       total 650240K, used 649793K [0x00000000c0000000, 0x00000000e7b00000, 0x00000000eab00000)
  object space 650240K, 99% used [0x00000000c0000000,0x00000000e7a90718,0x00000000e7b00000)
 Metaspace       used 92642K, committed 94464K, reserved 1179648K
  class space    used 9362K, committed 10240K, reserved 1048576K
GC Heap History (20 events):
Event: 1416.756 GC heap before
{Heap before GC invocations=2539 (full 7):
 PSYoungGen      total 5632K, used 5552K [0x00000000eab00000, 0x00000000eb300000, 0x0000000100000000)
  eden space 4096K, 100% used [0x00000000eab00000,0x00000000eaf00000,0x00000000eaf00000)
  from space 1536K, 94% used [0x00000000eaf80000,0x00000000eb0ec2b0,0x00000000eb100000)
  to   space 2048K, 0% used [0x00000000eb100000,0x00000000eb100000,0x00000000eb300000)
 ParOldGen       total 644096K, used 643755K [0x00000000c0000000, 0x00000000e7500000, 0x00000000eab00000)
  object space 644096K, 99% used [0x00000000c0000000,0x00000000e74aad08,0x00000000e7500000)
 Metaspace       used 91816K, committed 93632K, reserved 1179648K
  class space    used 9240K, committed 10112K, reserved 1048576K
}
Event: 1416.764 GC heap after
{Heap after GC invocations=2539 (full 7):
 PSYoungGen      total 5632K, used 1172K [0x00000000eab00000, 0x00000000eb280000, 0x0000000100000000)
  eden space 4096K, 0% used [0x00000000eab00000,0x00000000eab00000,0x00000000eaf00000)
  from space 1536K, 76% used [0x00000000eb100000,0x00000000eb225240,0x00000000eb280000)
  to   space 1536K, 0% used [0x00000000eaf80000,0x00000000eaf80000,0x00000000eb100000)
 ParOldGen       total 645632K, used 645139K [0x00000000c0000000, 0x00000000e7680000, 0x00000000eab00000)
  object space 645632K, 99% used [0x00000000c0000000,0x00000000e7604f28,0x00000000e7680000)
 Metaspace       used 91816K, committed 93632K, reserved 1179648K
  class space    used 9240K, committed 10112K, reserved 1048576K
}
Event: 1416.807 GC heap before
{Heap before GC invocations=2540 (full 7):
 PSYoungGen      total 5632K, used 5268K [0x00000000eab00000, 0x00000000eb280000, 0x0000000100000000)
  eden space 4096K, 100% used [0x00000000eab00000,0x00000000eaf00000,0x00000000eaf00000)
  from space 1536K, 76% used [0x00000000eb100000,0x00000000eb225240,0x00000000eb280000)
  to   space 1536K, 0% used [0x00000000eaf80000,0x00000000eaf80000,0x00000000eb100000)
 ParOldGen       total 645632K, used 645139K [0x00000000c0000000, 0x00000000e7680000, 0x00000000eab00000)
  object space 645632K, 99% used [0x00000000c0000000,0x00000000e7604f28,0x00000000e7680000)
 Metaspace       used 91816K, committed 93632K, reserved 1179648K
  class space    used 9240K, committed 10112K, reserved 1048576K
}
Event: 1416.813 GC heap after
{Heap after GC invocations=2540 (full 7):
 PSYoungGen      total 5632K, used 1411K [0x00000000eab00000, 0x00000000eb200000, 0x0000000100000000)
  eden space 4096K, 0% used [0x00000000eab00000,0x00000000eab00000,0x00000000eaf00000)
  from space 1536K, 91% used [0x00000000eaf80000,0x00000000eb0e0c60,0x00000000eb100000)
  to   space 1024K, 0% used [0x00000000eb100000,0x00000000eb100000,0x00000000eb200000)
 ParOldGen       total 646144K, used 645739K [0x00000000c0000000, 0x00000000e7700000, 0x00000000eab00000)
  object space 646144K, 99% used [0x00000000c0000000,0x00000000e769ad08,0x00000000e7700000)
 Metaspace       used 91816K, committed 93632K, reserved 1179648K
  class space    used 9240K, committed 10112K, reserved 1048576K
}
Event: 1418.481 GC heap before
{Heap before GC invocations=2541 (full 7):
 PSYoungGen      total 5632K, used 5507K [0x00000000eab00000, 0x00000000eb200000, 0x0000000100000000)
  eden space 4096K, 100% used [0x00000000eab00000,0x00000000eaf00000,0x00000000eaf00000)
  from space 1536K, 91% used [0x00000000eaf80000,0x00000000eb0e0c60,0x00000000eb100000)
  to   space 1024K, 0% used [0x00000000eb100000,0x00000000eb100000,0x00000000eb200000)
 ParOldGen       total 646144K, used 645739K [0x00000000c0000000, 0x00000000e7700000, 0x00000000eab00000)
  object space 646144K, 99% used [0x00000000c0000000,0x00000000e769ad08,0x00000000e7700000)
 Metaspace       used 91910K, committed 93696K, reserved 1179648K
  class space    used 9256K, committed 10112K, reserved 1048576K
}
Event: 1418.484 GC heap after
{Heap after GC invocations=2541 (full 7):
 PSYoungGen      total 4608K, used 160K [0x00000000eab00000, 0x00000000eb180000, 0x0000000100000000)
  eden space 4096K, 0% used [0x00000000eab00000,0x00000000eab00000,0x00000000eaf00000)
  from space 512K, 31% used [0x00000000eb100000,0x00000000eb128000,0x00000000eb180000)
  to   space 1024K, 0% used [0x00000000eaf80000,0x00000000eaf80000,0x00000000eb080000)
 ParOldGen       total 646144K, used 645819K [0x00000000c0000000, 0x00000000e7700000, 0x00000000eab00000)
  object space 646144K, 99% used [0x00000000c0000000,0x00000000e76aed08,0x00000000e7700000)
 Metaspace       used 91910K, committed 93696K, reserved 1179648K
  class space    used 9256K, committed 10112K, reserved 1048576K
}
Event: 1422.131 GC heap before
{Heap before GC invocations=2542 (full 7):
 PSYoungGen      total 4608K, used 4256K [0x00000000eab00000, 0x00000000eb180000, 0x0000000100000000)
  eden space 4096K, 100% used [0x00000000eab00000,0x00000000eaf00000,0x00000000eaf00000)
  from space 512K, 31% used [0x00000000eb100000,0x00000000eb128000,0x00000000eb180000)
  to   space 1024K, 0% used [0x00000000eaf80000,0x00000000eaf80000,0x00000000eb080000)
 ParOldGen       total 646144K, used 645819K [0x00000000c0000000, 0x00000000e7700000, 0x00000000eab00000)
  object space 646144K, 99% used [0x00000000c0000000,0x00000000e76aed08,0x00000000e7700000)
 Metaspace       used 91910K, committed 93696K, reserved 1179648K
  class space    used 9256K, committed 10112K, reserved 1048576K
}
Event: 1422.136 GC heap after
{Heap after GC invocations=2542 (full 7):
 PSYoungGen      total 5120K, used 1021K [0x00000000eab00000, 0x00000000eb600000, 0x0000000100000000)
  eden space 4096K, 0% used [0x00000000eab00000,0x00000000eab00000,0x00000000eaf00000)
  from space 1024K, 99% used [0x00000000eaf80000,0x00000000eb07f4b8,0x00000000eb080000)
  to   space 3584K, 0% used [0x00000000eb280000,0x00000000eb280000,0x00000000eb600000)
 ParOldGen       total 647680K, used 647491K [0x00000000c0000000, 0x00000000e7880000, 0x00000000eab00000)
  object space 647680K, 99% used [0x00000000c0000000,0x00000000e7850d08,0x00000000e7880000)
 Metaspace       used 91910K, committed 93696K, reserved 1179648K
  class space    used 9256K, committed 10112K, reserved 1048576K
}
Event: 1425.965 GC heap before
{Heap before GC invocations=2543 (full 7):
 PSYoungGen      total 5120K, used 5117K [0x00000000eab00000, 0x00000000eb600000, 0x0000000100000000)
  eden space 4096K, 100% used [0x00000000eab00000,0x00000000eaf00000,0x00000000eaf00000)
  from space 1024K, 99% used [0x00000000eaf80000,0x00000000eb07f4b8,0x00000000eb080000)
  to   space 3584K, 0% used [0x00000000eb280000,0x00000000eb280000,0x00000000eb600000)
 ParOldGen       total 647680K, used 647491K [0x00000000c0000000, 0x00000000e7880000, 0x00000000eab00000)
  object space 647680K, 99% used [0x00000000c0000000,0x00000000e7850d08,0x00000000e7880000)
 Metaspace       used 91910K, committed 93696K, reserved 1179648K
  class space    used 9256K, committed 10112K, reserved 1048576K
}
Event: 1425.968 GC heap after
{Heap after GC invocations=2543 (full 7):
 PSYoungGen      total 4608K, used 128K [0x00000000eab00000, 0x00000000eb300000, 0x0000000100000000)
  eden space 4096K, 0% used [0x00000000eab00000,0x00000000eab00000,0x00000000eaf00000)
  from space 512K, 25% used [0x00000000eb280000,0x00000000eb2a0000,0x00000000eb300000)
  to   space 1536K, 0% used [0x00000000eb000000,0x00000000eb000000,0x00000000eb180000)
 ParOldGen       total 647680K, used 647523K [0x00000000c0000000, 0x00000000e7880000, 0x00000000eab00000)
  object space 647680K, 99% used [0x00000000c0000000,0x00000000e7858d08,0x00000000e7880000)
 Metaspace       used 91910K, committed 93696K, reserved 1179648K
  class space    used 9256K, committed 10112K, reserved 1048576K
}
Event: 1427.744 GC heap before
{Heap before GC invocations=2544 (full 7):
 PSYoungGen      total 4608K, used 4224K [0x00000000eab00000, 0x00000000eb300000, 0x0000000100000000)
  eden space 4096K, 100% used [0x00000000eab00000,0x00000000eaf00000,0x00000000eaf00000)
  from space 512K, 25% used [0x00000000eb280000,0x00000000eb2a0000,0x00000000eb300000)
  to   space 1536K, 0% used [0x00000000eb000000,0x00000000eb000000,0x00000000eb180000)
 ParOldGen       total 647680K, used 647523K [0x00000000c0000000, 0x00000000e7880000, 0x00000000eab00000)
  object space 647680K, 99% used [0x00000000c0000000,0x00000000e7858d08,0x00000000e7880000)
 Metaspace       used 91910K, committed 93696K, reserved 1179648K
  class space    used 9256K, committed 10112K, reserved 1048576K
}
Event: 1427.746 GC heap after
{Heap after GC invocations=2544 (full 7):
 PSYoungGen      total 5632K, used 128K [0x00000000eab00000, 0x00000000eb300000, 0x0000000100000000)
  eden space 4096K, 0% used [0x00000000eab00000,0x00000000eab00000,0x00000000eaf00000)
  from space 1536K, 8% used [0x00000000eb000000,0x00000000eb020000,0x00000000eb180000)
  to   space 512K, 0% used [0x00000000eb280000,0x00000000eb280000,0x00000000eb300000)
 ParOldGen       total 647680K, used 647531K [0x00000000c0000000, 0x00000000e7880000, 0x00000000eab00000)
  object space 647680K, 99% used [0x00000000c0000000,0x00000000e785ad08,0x00000000e7880000)
 Metaspace       used 91910K, committed 93696K, reserved 1179648K
  class space    used 9256K, committed 10112K, reserved 1048576K
}
Event: 1428.135 GC heap before
{Heap before GC invocations=2545 (full 7):
 PSYoungGen      total 5632K, used 4224K [0x00000000eab00000, 0x00000000eb300000, 0x0000000100000000)
  eden space 4096K, 100% used [0x00000000eab00000,0x00000000eaf00000,0x00000000eaf00000)
  from space 1536K, 8% used [0x00000000eb000000,0x00000000eb020000,0x00000000eb180000)
  to   space 512K, 0% used [0x00000000eb280000,0x00000000eb280000,0x00000000eb300000)
 ParOldGen       total 647680K, used 647531K [0x00000000c0000000, 0x00000000e7880000, 0x00000000eab00000)
  object space 647680K, 99% used [0x00000000c0000000,0x00000000e785ad08,0x00000000e7880000)
 Metaspace       used 92397K, committed 94272K, reserved 1179648K
  class space    used 9336K, committed 10240K, reserved 1048576K
}
Event: 1428.142 GC heap after
{Heap after GC invocations=2545 (full 7):
 PSYoungGen      total 4608K, used 192K [0x00000000eab00000, 0x00000000eb300000, 0x0000000100000000)
  eden space 4096K, 0% used [0x00000000eab00000,0x00000000eab00000,0x00000000eaf00000)
  from space 512K, 37% used [0x00000000eb280000,0x00000000eb2b0000,0x00000000eb300000)
  to   space 512K, 0% used [0x00000000eb200000,0x00000000eb200000,0x00000000eb280000)
 ParOldGen       total 647680K, used 647547K [0x00000000c0000000, 0x00000000e7880000, 0x00000000eab00000)
  object space 647680K, 99% used [0x00000000c0000000,0x00000000e785ed08,0x00000000e7880000)
 Metaspace       used 92397K, committed 94272K, reserved 1179648K
  class space    used 9336K, committed 10240K, reserved 1048576K
}
Event: 1428.276 GC heap before
{Heap before GC invocations=2546 (full 7):
 PSYoungGen      total 4608K, used 4288K [0x00000000eab00000, 0x00000000eb300000, 0x0000000100000000)
  eden space 4096K, 100% used [0x00000000eab00000,0x00000000eaf00000,0x00000000eaf00000)
  from space 512K, 37% used [0x00000000eb280000,0x00000000eb2b0000,0x00000000eb300000)
  to   space 512K, 0% used [0x00000000eb200000,0x00000000eb200000,0x00000000eb280000)
 ParOldGen       total 647680K, used 647547K [0x00000000c0000000, 0x00000000e7880000, 0x00000000eab00000)
  object space 647680K, 99% used [0x00000000c0000000,0x00000000e785ed08,0x00000000e7880000)
 Metaspace       used 92610K, committed 94464K, reserved 1179648K
  class space    used 9362K, committed 10240K, reserved 1048576K
}
Event: 1428.280 GC heap after
{Heap after GC invocations=2546 (full 7):
 PSYoungGen      total 4608K, used 508K [0x00000000eab00000, 0x00000000eb300000, 0x0000000100000000)
  eden space 4096K, 0% used [0x00000000eab00000,0x00000000eab00000,0x00000000eaf00000)
  from space 512K, 99% used [0x00000000eb200000,0x00000000eb27f360,0x00000000eb280000)
  to   space 512K, 0% used [0x00000000eb280000,0x00000000eb280000,0x00000000eb300000)
 ParOldGen       total 648192K, used 647720K [0x00000000c0000000, 0x00000000e7900000, 0x00000000eab00000)
  object space 648192K, 99% used [0x00000000c0000000,0x00000000e788a0f8,0x00000000e7900000)
 Metaspace       used 92610K, committed 94464K, reserved 1179648K
  class space    used 9362K, committed 10240K, reserved 1048576K
}
Event: 1428.335 GC heap before
{Heap before GC invocations=2547 (full 7):
 PSYoungGen      total 4608K, used 4604K [0x00000000eab00000, 0x00000000eb300000, 0x0000000100000000)
  eden space 4096K, 100% used [0x00000000eab00000,0x00000000eaf00000,0x00000000eaf00000)
  from space 512K, 99% used [0x00000000eb200000,0x00000000eb27f360,0x00000000eb280000)
  to   space 512K, 0% used [0x00000000eb280000,0x00000000eb280000,0x00000000eb300000)
 ParOldGen       total 648192K, used 647720K [0x00000000c0000000, 0x00000000e7900000, 0x00000000eab00000)
  object space 648192K, 99% used [0x00000000c0000000,0x00000000e788a0f8,0x00000000e7900000)
 Metaspace       used 92625K, committed 94464K, reserved 1179648K
  class space    used 9362K, committed 10240K, reserved 1048576K
}
Event: 1428.340 GC heap after
{Heap after GC invocations=2547 (full 7):
 PSYoungGen      total 4608K, used 503K [0x00000000eab00000, 0x00000000eb400000, 0x0000000100000000)
  eden space 4096K, 0% used [0x00000000eab00000,0x00000000eab00000,0x00000000eaf00000)
  from space 512K, 98% used [0x00000000eb280000,0x00000000eb2fddd0,0x00000000eb300000)
  to   space 2560K, 0% used [0x00000000eaf00000,0x00000000eaf00000,0x00000000eb180000)
 ParOldGen       total 649728K, used 649270K [0x00000000c0000000, 0x00000000e7a80000, 0x00000000eab00000)
  object space 649728K, 99% used [0x00000000c0000000,0x00000000e7a0d868,0x00000000e7a80000)
 Metaspace       used 92625K, committed 94464K, reserved 1179648K
  class space    used 9362K, committed 10240K, reserved 1048576K
}
Event: 1428.373 GC heap before
{Heap before GC invocations=2548 (full 7):
 PSYoungGen      total 4608K, used 4599K [0x00000000eab00000, 0x00000000eb400000, 0x0000000100000000)
  eden space 4096K, 100% used [0x00000000eab00000,0x00000000eaf00000,0x00000000eaf00000)
  from space 512K, 98% used [0x00000000eb280000,0x00000000eb2fddd0,0x00000000eb300000)
  to   space 2560K, 0% used [0x00000000eaf00000,0x00000000eaf00000,0x00000000eb180000)
 ParOldGen       total 649728K, used 649270K [0x00000000c0000000, 0x00000000e7a80000, 0x00000000eab00000)
  object space 649728K, 99% used [0x00000000c0000000,0x00000000e7a0d868,0x00000000e7a80000)
 Metaspace       used 92626K, committed 94464K, reserved 1179648K
  class space    used 9362K, committed 10240K, reserved 1048576K
}
Event: 1428.378 GC heap after
{Heap after GC invocations=2548 (full 7):
 PSYoungGen      total 5632K, used 1519K [0x00000000eab00000, 0x00000000eb300000, 0x0000000100000000)
  eden space 4096K, 0% used [0x00000000eab00000,0x00000000eab00000,0x00000000eaf00000)
  from space 1536K, 98% used [0x00000000eaf00000,0x00000000eb07bce8,0x00000000eb080000)
  to   space 2048K, 0% used [0x00000000eb100000,0x00000000eb100000,0x00000000eb300000)
 ParOldGen       total 650240K, used 649793K [0x00000000c0000000, 0x00000000e7b00000, 0x00000000eab00000)
  object space 650240K, 99% used [0x00000000c0000000,0x00000000e7a90718,0x00000000e7b00000)
 Metaspace       used 92626K, committed 94464K, reserved 1179648K
  class space    used 9362K, committed 10240K, reserved 1048576K
}

